2025-11-22 18:12:52 +0000  Initial pipeline context: <IDEDistributionProcessingPipelineContext: 0x110dbac70; archive(resolved)="<IDEArchive: 0x60000d12a1b0>", distributionTask(resolved)="2", distributionDestination(resolved)="1", distributionMethod(resolved)="<IDEDistributionMethodDevelopmentSignedMac: 0x6000079e28c0>", team(resolved)="<IDEProvisioningDisambiguatableBasicTeam: 0x600002430980; teamID='9HB7AA7S45', teamName='JAMIE INNIS MCLAREN', teamType='Individual', username='roastedtoe@googlemail.com', isFreeProvisioningTeam='0'>">
	Chain (13, self inclusive):
	<IDEDistributionProcessingPipelineContext: 0x110dbac70; archive = "<IDEArchive: 0x60000d12a1b0>", distributionMethod="<IDEDistributionMethodDevelopmentSignedMac: 0x6000079e28c0>", team="<IDEProvisioningDisambiguatableBasicTeam: 0x600002430980; teamID='9HB7AA7S45', teamName='JAMIE INNIS MCLAREN', teamType='Individual', username='roastedtoe@googlemail.com', isFreeProvisioningTeam='0'>">
	<IDEDistributionProcessingPipelineContext: 0x110dba490; archive = "<IDEArchive: 0x60000d12a1b0>", distributionMethod="<IDEDistributionMethodDevelopmentSignedMac: 0x6000079e28c0>", team="<IDEProvisioningDisambiguatableBasicTeam: 0x600002430980; teamID='9HB7AA7S45', teamName='JAMIE INNIS MCLAREN', teamType='Individual', username='roastedtoe@googlemail.com', isFreeProvisioningTeam='0'>">
	<IDEDistributionContext: 0x3417b3ee0; archive = "<IDEArchive: 0x60000d12a1b0>", distributionMethod="<IDEDistributionMethodDevelopmentSignedMac: 0x6000079e28c0>", team="<IDEProvisioningDisambiguatableBasicTeam: 0x600002430980; teamID='9HB7AA7S45', teamName='JAMIE INNIS MCLAREN', teamType='Individual', username='roastedtoe@googlemail.com', isFreeProvisioningTeam='0'>">
	<IDEDistributionContext: 0x130056cc0; archive = "<IDEArchive: 0x60000d12a1b0>", distributionMethod="<IDEDistributionMethodDevelopmentSignedMac: 0x6000079e28c0>", team="<IDEProvisioningDisambiguatableBasicTeam: 0x600002430980; teamID='9HB7AA7S45', teamName='JAMIE INNIS MCLAREN', teamType='Individual', username='roastedtoe@googlemail.com', isFreeProvisioningTeam='0'>">
	<IDEDistributionContext: 0x133fd2000; archive = "<IDEArchive: 0x60000d12a1b0>", distributionMethod="<IDEDistributionMethodDevelopmentSignedMac: 0x6000079e28c0>", team="<IDEProvisioningDisambiguatableBasicTeam: 0x600002430980; teamID='9HB7AA7S45', teamName='JAMIE INNIS MCLAREN', teamType='Individual', username='roastedtoe@googlemail.com', isFreeProvisioningTeam='0'>">
	<IDEDistributionContext: 0x133f33530; archive = "<IDEArchive: 0x60000d12a1b0>", distributionMethod="<IDEDistributionMethodDevelopmentSignedMac: 0x6000079e28c0>", team="<IDEProvisioningDisambiguatableBasicTeam: 0x600002430980; teamID='9HB7AA7S45', teamName='JAMIE INNIS MCLAREN', teamType='Individual', username='roastedtoe@googlemail.com', isFreeProvisioningTeam='0'>">
	<IDEDistributionContext: 0x33d33ded0; archive = "<IDEArchive: 0x60000d12a1b0>", distributionMethod="<IDEDistributionMethodDevelopmentSignedMac: 0x6000079e28c0>", team="<IDEProvisioningDisambiguatableBasicTeam: 0x600002430980; teamID='9HB7AA7S45', teamName='JAMIE INNIS MCLAREN', teamType='Individual', username='roastedtoe@googlemail.com', isFreeProvisioningTeam='0'>">
	<IDEDistributionContext: 0x110c6ca60; archive = "<IDEArchive: 0x60000d12a1b0>", distributionMethod="<IDEDistributionMethodDevelopmentSignedMac: 0x6000079e28c0>", team="<IDEProvisioningDisambiguatableBasicTeam: 0x600002430980; teamID='9HB7AA7S45', teamName='JAMIE INNIS MCLAREN', teamType='Individual', username='roastedtoe@googlemail.com', isFreeProvisioningTeam='0'>">
	<IDEDistributionContext: 0x110c5de80; archive = "<IDEArchive: 0x60000d12a1b0>", distributionMethod="<IDEDistributionMethodDevelopmentSignedMac: 0x6000079e28c0>", team="(null)">
	<IDEDistributionContext: 0x341531910; archive = "<IDEArchive: 0x60000d12a1b0>", distributionMethod="<IDEDistributionMethodDevelopmentSignedMac: 0x6000079e28c0>", team="(null)">
	<IDEDistributionContext: 0x110d43c90; archive = "<IDEArchive: 0x60000d12a1b0>", distributionMethod="(null)", team="(null)">
	<IDEDistributionContext: 0x110d0d390; archive = "<IDEArchive: 0x60000d12a1b0>", distributionMethod="(null)", team="(null)">
	<IDEDistributionContext: 0x34175adc0; archive = "<IDEArchive: 0x60000d12a1b0>", distributionMethod="(null)", team="(null)">
</IDEDistributionProcessingPipelineContext: 0x110dbac70>
2025-11-22 18:12:52 +0000  Processing step: IDEDistributionCreateDestRootStep
2025-11-22 18:12:52 +0000  Processing step: IDEDistributionCopyItemStep
2025-11-22 18:12:52 +0000  Running /usr/bin/ditto '-V' '/Users/Jamie/Library/Developer/Xcode/Archives/2025-11-22/Desktop Totem 22-11-2025, 18.11.xcarchive/Products/Applications/Desktop Totem.app' '/var/folders/v7/2g2j84l173n4l7pn4j1zhrlr0000gn/T/XcodeDistPipeline.~~~EfiNnn/Root/Applications/Desktop Totem.app'
2025-11-22 18:12:52 +0000  >>> Copying /Users/Jamie/Library/Developer/Xcode/Archives/2025-11-22/Desktop Totem 22-11-2025, 18.11.xcarchive/Products/Applications/Desktop Totem.app 
2025-11-22 18:12:52 +0000  copying file ./Contents/_CodeSignature/CodeResources ... 
2025-11-22 18:12:52 +0000  2770 bytes for ./Contents/_CodeSignature/CodeResources
2025-11-22 18:12:52 +0000  copying file ./Contents/MacOS/Desktop Totem ... 
2025-11-22 18:12:52 +0000  640768 bytes for ./Contents/MacOS/Desktop Totem
2025-11-22 18:12:52 +0000  copying file ./Contents/Resources/Metadata.appintents/version.json ... 
2025-11-22 18:12:52 +0000  52 bytes for ./Contents/Resources/Metadata.appintents/version.json
2025-11-22 18:12:52 +0000  copying file ./Contents/Resources/Metadata.appintents/extract.actionsdata ... 
2025-11-22 18:12:52 +0000  4809 bytes for ./Contents/Resources/Metadata.appintents/extract.actionsdata
2025-11-22 18:12:52 +0000  copying file ./Contents/Info.plist ... 
2025-11-22 18:12:52 +0000  1283 bytes for ./Contents/Info.plist
2025-11-22 18:12:52 +0000  copying file ./Contents/PkgInfo ... 
2025-11-22 18:12:52 +0000  8 bytes for ./Contents/PkgInfo
2025-11-22 18:12:52 +0000  /usr/bin/ditto exited with 0
2025-11-22 18:12:52 +0000  Processing step: IDEDistributionEmbedProfileStep
2025-11-22 18:12:52 +0000  Skipping profile for item: <IDEDistributionItem: 0x60000de4de60; bundleID='Me.Desktop-Totem', path='<DVTFilePath:0x600005652200:'/Users/Jamie/Library/Developer/Xcode/Archives/2025-11-22/Desktop Totem 22-11-2025, 18.11.xcarchive/Products/Applications/Desktop Totem.app'>', codeSigningInfo='<_DVTCodeSigningInformation_Path: 0x60000de66dc0; isSigned='1', isAdHocSigned='0', signingCertificate='<DVTSigningCertificate: 0x600004fb2280; name='Apple Development: roastedtoe@googlemail.com (4B486AUBX2)', hash='B43864870C1AF15D3416B7950681F8C00D3CD056', serialNumber='2DC1ED8D2537F792303BB551E9FB875D', certificateKinds='(
    "1.2.840.113635.100.6.1.12",
    "1.2.840.113635.100.6.1.2"
), issueDate='2025-08-17 13:27:45 +0000''>', entitlements='{
    "com.apple.security.app-sandbox" = 1;
    "com.apple.security.files.user-selected.read-only" = 1;
}', teamID='9HB7AA7S45', identifier='Me.Desktop-Totem', executablePath='<DVTFilePath:0x60000d1ffd40:'/Users/Jamie/Library/Developer/Xcode/Archives/2025-11-22/Desktop Totem 22-11-2025, 18.11.xcarchive/Products/Applications/Desktop Totem.app/Contents/MacOS/Desktop Totem'>', hardenedRuntime='1'>'>
2025-11-22 18:12:52 +0000  Processing step: IDEDistributionInfoPlistStep
2025-11-22 18:12:52 +0000  Skipping step: IDEDistributionInfoPlistStep because it said so
2025-11-22 18:12:52 +0000  Processing step: IDEDistributionAppThinningPlistStep
2025-11-22 18:12:52 +0000  Processing step: IDEDistributionSymbolsStep
2025-11-22 18:12:52 +0000  Skipping step: IDEDistributionSymbolsStep because it said so
2025-11-22 18:12:52 +0000  Processing step: IDEDistributionAppThinningStep
2025-11-22 18:12:52 +0000  Skipping step: IDEDistributionAppThinningStep because it said so
2025-11-22 18:12:52 +0000  Processing step: IDEDistributionArchThinningStep
2025-11-22 18:12:52 +0000  Archs to thin for item /Users/Jamie/Library/Developer/Xcode/Archives/2025-11-22/Desktop Totem 22-11-2025, 18.11.xcarchive/Products/Applications/Desktop Totem.app are []
2025-11-22 18:12:52 +0000  Processing step: IDEDistributionODRStep
2025-11-22 18:12:52 +0000  Processing step: IDEDistributionStripXattrsStep
2025-11-22 18:12:52 +0000  Skipping stripping extended attributes because the codesign step will strip them.
2025-11-22 18:12:52 +0000  Processing step: IDEDistributionCodesignStep
2025-11-22 18:12:52 +0000  Entitlements for <IDEDistributionItem: 0x60000de4de60; bundleID='Me.Desktop-Totem', path='<DVTFilePath:0x600005652200:'/Users/Jamie/Library/Developer/Xcode/Archives/2025-11-22/Desktop Totem 22-11-2025, 18.11.xcarchive/Products/Applications/Desktop Totem.app'>', codeSigningInfo='<_DVTCodeSigningInformation_Path: 0x60000de66dc0; isSigned='1', isAdHocSigned='0', signingCertificate='<DVTSigningCertificate: 0x600004fb2280; name='Apple Development: roastedtoe@googlemail.com (4B486AUBX2)', hash='B43864870C1AF15D3416B7950681F8C00D3CD056', serialNumber='2DC1ED8D2537F792303BB551E9FB875D', certificateKinds='(
    "1.2.840.113635.100.6.1.12",
    "1.2.840.113635.100.6.1.2"
), issueDate='2025-08-17 13:27:45 +0000''>', entitlements='{
    "com.apple.security.app-sandbox" = 1;
    "com.apple.security.files.user-selected.read-only" = 1;
}', teamID='9HB7AA7S45', identifier='Me.Desktop-Totem', executablePath='<DVTFilePath:0x60000d1ffd40:'/Users/Jamie/Library/Developer/Xcode/Archives/2025-11-22/Desktop Totem 22-11-2025, 18.11.xcarchive/Products/Applications/Desktop Totem.app/Contents/MacOS/Desktop Totem'>', hardenedRuntime='1'>'>: {
    "com.apple.security.app-sandbox" = 1;
    "com.apple.security.files.user-selected.read-only" = 1;
}
2025-11-22 18:12:52 +0000  Associated App Clip Identifiers Filter: Skipping because "com.apple.developer.associated-appclip-app-identifiers" is not present
2025-11-22 18:12:52 +0000  Entitlements for <IDEDistributionItem: 0x60000de4de60; bundleID='Me.Desktop-Totem', path='<DVTFilePath:0x600005652200:'/Users/Jamie/Library/Developer/Xcode/Archives/2025-11-22/Desktop Totem 22-11-2025, 18.11.xcarchive/Products/Applications/Desktop Totem.app'>', codeSigningInfo='<_DVTCodeSigningInformation_Path: 0x60000de66dc0; isSigned='1', isAdHocSigned='0', signingCertificate='<DVTSigningCertificate: 0x600004fd8e40; name='Apple Development: roastedtoe@googlemail.com (4B486AUBX2)', hash='B43864870C1AF15D3416B7950681F8C00D3CD056', serialNumber='2DC1ED8D2537F792303BB551E9FB875D', certificateKinds='(
    "1.2.840.113635.100.6.1.12",
    "1.2.840.113635.100.6.1.2"
), issueDate='2025-08-17 13:27:45 +0000''>', entitlements='{
    "com.apple.security.app-sandbox" = 1;
    "com.apple.security.files.user-selected.read-only" = 1;
}', teamID='9HB7AA7S45', identifier='Me.Desktop-Totem', executablePath='<DVTFilePath:0x60000d1ffd40:'/Users/Jamie/Library/Developer/Xcode/Archives/2025-11-22/Desktop Totem 22-11-2025, 18.11.xcarchive/Products/Applications/Desktop Totem.app/Contents/MacOS/Desktop Totem'>', hardenedRuntime='1'>'> are: {
    "com.apple.security.app-sandbox" = 1;
    "com.apple.security.files.user-selected.read-only" = 1;
}
2025-11-22 18:12:52 +0000  Writing entitlements for <IDEDistributionItem: 0x60000de4de60; bundleID='Me.Desktop-Totem', path='<DVTFilePath:0x600005652200:'/Users/Jamie/Library/Developer/Xcode/Archives/2025-11-22/Desktop Totem 22-11-2025, 18.11.xcarchive/Products/Applications/Desktop Totem.app'>', codeSigningInfo='<_DVTCodeSigningInformation_Path: 0x60000de66dc0; isSigned='1', isAdHocSigned='0', signingCertificate='<DVTSigningCertificate: 0x600004fd8e40; name='Apple Development: roastedtoe@googlemail.com (4B486AUBX2)', hash='B43864870C1AF15D3416B7950681F8C00D3CD056', serialNumber='2DC1ED8D2537F792303BB551E9FB875D', certificateKinds='(
    "1.2.840.113635.100.6.1.12",
    "1.2.840.113635.100.6.1.2"
), issueDate='2025-08-17 13:27:45 +0000''>', entitlements='{
    "com.apple.security.app-sandbox" = 1;
    "com.apple.security.files.user-selected.read-only" = 1;
}', teamID='9HB7AA7S45', identifier='Me.Desktop-Totem', executablePath='<DVTFilePath:0x60000d1ffd40:'/Users/Jamie/Library/Developer/Xcode/Archives/2025-11-22/Desktop Totem 22-11-2025, 18.11.xcarchive/Products/Applications/Desktop Totem.app/Contents/MacOS/Desktop Totem'>', hardenedRuntime='1'>'> to: /var/folders/v7/2g2j84l173n4l7pn4j1zhrlr0000gn/T/XcodeDistPipeline.~~~EfiNnn/entitlements~~~16DLrn
2025-11-22 18:12:52 +0000  invoking codesign: <NSConcreteTask: 0x60000dcffe30; launchPath='/usr/bin/codesign', arguments='(
    "-f",
    "-s",
    B43864870C1AF15D3416B7950681F8C00D3CD056,
    "--entitlements",
    "/var/folders/v7/2g2j84l173n4l7pn4j1zhrlr0000gn/T/XcodeDistPipeline.~~~EfiNnn/entitlements~~~16DLrn",
    "--preserve-metadata=identifier,flags,runtime,launch-constraints,library-constraints",
    "--generate-entitlement-der",
    "--strip-disallowed-xattrs",
    "-vvv",
    "/var/folders/v7/2g2j84l173n4l7pn4j1zhrlr0000gn/T/XcodeDistPipeline.~~~EfiNnn/Root/Applications/Desktop Totem.app"
)'>
2025-11-22 18:12:52 +0000  codesign output: /var/folders/v7/2g2j84l173n4l7pn4j1zhrlr0000gn/T/XcodeDistPipeline.~~~EfiNnn/Root/Applications/Desktop Totem.app: replacing existing signature
/var/folders/v7/2g2j84l173n4l7pn4j1zhrlr0000gn/T/XcodeDistPipeline.~~~EfiNnn/Root/Applications/Desktop Totem.app: signed app bundle with Mach-O universal (x86_64 arm64) [Me.Desktop-Totem]
2025-11-22 18:12:52 +0000  Processing step: IDEDistributionZipODRItemStep
2025-11-22 18:12:52 +0000  Skipping step: IDEDistributionZipODRItemStep because it said so
2025-11-22 18:12:52 +0000  Processing step: IDEDistributionSkipPackagingStep
2025-11-22 18:12:52 +0000  Processing step: IDEDistributionAppStoreInformationStep
2025-11-22 18:12:52 +0000  Skipping step: IDEDistributionAppStoreInformationStep because it said so
2025-11-22 18:12:52 +0000  Processing step: IDEDistributionGenerateProcessedDistributionItems
2025-11-22 18:12:52 +0000  IDEDistributionItem init <DVTFilePath:0x6000017e5880:'/var/folders/v7/2g2j84l173n4l7pn4j1zhrlr0000gn/T/XcodeDistPipeline.~~~EfiNnn/Root/Applications/Desktop Totem.app'>
2025-11-22 18:12:52 +0000  [OPTIONAL] Didn't find embedded provisioning profile for <DVTFilePath:0x6000017e5880:'/var/folders/v7/2g2j84l173n4l7pn4j1zhrlr0000gn/T/XcodeDistPipeline.~~~EfiNnn/Root/Applications/Desktop Totem.app'>: Error Domain=NSCocoaErrorDomain Code=4 "No file at <DVTFilePath:0x60000d1011f0:'/var/folders/v7/2g2j84l173n4l7pn4j1zhrlr0000gn/T/XcodeDistPipeline.~~~EfiNnn/Root/Applications/Desktop Totem.app/Contents/embedded.provisionprofile'>" UserInfo={NSLocalizedDescription=No file at <DVTFilePath:0x60000d1011f0:'/var/folders/v7/2g2j84l173n4l7pn4j1zhrlr0000gn/T/XcodeDistPipeline.~~~EfiNnn/Root/Applications/Desktop Totem.app/Contents/embedded.provisionprofile'>}
2025-11-22 18:12:52 +0000  Processing step: IDEDistributionCreateManifestStep
2025-11-22 18:12:52 +0000  Skipping step: IDEDistributionCreateManifestStep because it said so
